<?xml version="1.0" encoding="UTF-8"?>
<!-- Generated by org.testng.reporters.JUnitReportReporter -->
<testsuite skipped="0" hostname="DELL" name="com.info.TestRunner.MainTest" tests="2" failures="0" timestamp="09 Jul 2017 14:22:58 GMT" time="11.518" errors="0">
  <testcase name="customer_Registraion" time="9.122" classname="com.info.TestRunner.MainTest"/>
  <testcase name="customer_Payment" time="2.396" classname="com.info.TestRunner.MainTest"/>
</testsuite> <!-- com.info.TestRunner.MainTest -->
