<?xml version="1.0" encoding="UTF-8"?>
<!-- Generated by org.testng.reporters.JUnitReportReporter -->
<testsuite skipped="0" hostname="DELL" name="com.info.TestRunner.Grouping" tests="5" failures="0" timestamp="09 Jul 2017 07:25:10 GMT" time="0.061" errors="0">
  <testcase name="login" time="0.027" classname="com.info.TestRunner.Grouping"/>
  <testcase name="advancedSearch" time="0.012" classname="com.info.TestRunner.Grouping"/>
  <testcase name="billPayment" time="0.010" classname="com.info.TestRunner.Grouping"/>
  <testcase name="prepaidRecharge" time="0.007" classname="com.info.TestRunner.Grouping"/>
  <testcase name="logout" time="0.005" classname="com.info.TestRunner.Grouping"/>
</testsuite> <!-- com.info.TestRunner.Grouping -->
