<?xml version="1.0" encoding="UTF-8"?>
<!-- Generated by org.testng.reporters.JUnitReportReporter -->
<testsuite skipped="0" hostname="DELL" name="com.info.TestRunner.MainTest" tests="2" failures="0" timestamp="23 Jul 2017 17:21:43 GMT" time="10.191" errors="0">
  <testcase name="customer_Registraion" time="7.426" classname="com.info.TestRunner.MainTest"/>
  <testcase name="customer_Payment" time="2.765" classname="com.info.TestRunner.MainTest"/>
</testsuite> <!-- com.info.TestRunner.MainTest -->
