<?xml version="1.0" encoding="UTF-8"?>
<!-- Generated by org.testng.reporters.JUnitReportReporter -->
<testsuite hostname="DELL" name="com.info.TestRunner.MainTest" tests="2" failures="0" timestamp="5 Jul 2017 17:23:46 GMT" time="25.599" errors="0">
  <testcase name="customer_Payment" time="7.539" classname="com.info.TestRunner.MainTest"/>
  <testcase name="customer_Registraion" time="18.060" classname="com.info.TestRunner.MainTest"/>
</testsuite> <!-- com.info.TestRunner.MainTest -->
