<?xml version="1.0" encoding="UTF-8"?>
<!-- Generated by org.testng.reporters.JUnitReportReporter -->
<testsuite hostname="DELL" name="com.info.TestRunner.MainTest" tests="1" failures="0" timestamp="26 Jun 2017 17:25:43 GMT" time="7.381" errors="0">
  <testcase name="customer_Registraion" time="7.381" classname="com.info.TestRunner.MainTest"/>
</testsuite> <!-- com.info.TestRunner.MainTest -->
